2022-03-19 20:48:32,125 DEBUG [background-preinit] org.hibernate.validator.internal.xml.config.ValidationXmlParser:Trying to load META-INF/validation.xml for XML based Validator configuration.
2022-03-19 20:48:32,125 INFO  [restartedMain] com.example.demo.LibraryManagementSystemApplication:Starting LibraryManagementSystemApplication using Java 17.0.1 on DESKTOP-23QVBVH with PID 10144 (C:\Users\User\Documents\workspace-spring-tool-suite-4-4.13.1.RELEASE\library_management_system\target\classes started by User in C:\Users\User\Documents\workspace-spring-tool-suite-4-4.13.1.RELEASE\library_management_system)
2022-03-19 20:48:32,128 INFO  [restartedMain] com.example.demo.LibraryManagementSystemApplication:No active profile set, falling back to 1 default profile: "default"
2022-03-19 20:48:32,129 DEBUG [background-preinit] org.hibernate.validator.internal.xml.config.ResourceLoaderHelper:Trying to load META-INF/validation.xml via TCCL
2022-03-19 20:48:32,131 DEBUG [background-preinit] org.hibernate.validator.internal.xml.config.ResourceLoaderHelper:Trying to load META-INF/validation.xml via Hibernate Validator's class loader
2022-03-19 20:48:32,132 DEBUG [background-preinit] org.hibernate.validator.internal.xml.config.ValidationXmlParser:No META-INF/validation.xml found. Using annotation based configuration only.
2022-03-19 20:48:32,140 DEBUG [background-preinit] org.hibernate.validator.internal.engine.resolver.TraversableResolvers:Cannot find javax.persistence.Persistence on classpath. Assuming non JPA 2 environment. All properties will per default be traversable.
2022-03-19 20:48:32,208 DEBUG [background-preinit] org.hibernate.validator.messageinterpolation.ResourceBundleMessageInterpolator:Loaded expression factory via original TCCL
2022-03-19 20:48:32,249 INFO  [restartedMain] org.springframework.boot.devtools.env.DevToolsPropertyDefaultsPostProcessor:Devtools property defaults active! Set 'spring.devtools.add-properties' to 'false' to disable
2022-03-19 20:48:32,250 INFO  [restartedMain] org.springframework.boot.devtools.env.DevToolsPropertyDefaultsPostProcessor:For additional web related logging consider setting the 'logging.level.web' property to 'DEBUG'
2022-03-19 20:48:32,576 DEBUG [background-preinit] org.hibernate.validator.internal.engine.ValidatorFactoryConfigurationHelper:HV000252: Using org.hibernate.validator.internal.engine.DefaultPropertyNodeNameProvider as property node name provider.
2022-03-19 20:48:32,598 DEBUG [background-preinit] org.hibernate.validator.internal.engine.ValidatorFactoryConfigurationHelper:HV000234: Using org.hibernate.validator.messageinterpolation.ResourceBundleMessageInterpolator as ValidatorFactory-scoped message interpolator.
2022-03-19 20:48:32,599 DEBUG [background-preinit] org.hibernate.validator.internal.engine.ValidatorFactoryConfigurationHelper:HV000234: Using org.hibernate.validator.internal.engine.resolver.TraverseAllTraversableResolver as ValidatorFactory-scoped traversable resolver.
2022-03-19 20:48:32,600 DEBUG [background-preinit] org.hibernate.validator.internal.engine.ValidatorFactoryConfigurationHelper:HV000234: Using org.hibernate.validator.internal.util.ExecutableParameterNameProvider as ValidatorFactory-scoped parameter name provider.
2022-03-19 20:48:32,601 DEBUG [background-preinit] org.hibernate.validator.internal.engine.ValidatorFactoryConfigurationHelper:HV000234: Using org.hibernate.validator.internal.engine.DefaultClockProvider as ValidatorFactory-scoped clock provider.
2022-03-19 20:48:32,602 DEBUG [background-preinit] org.hibernate.validator.internal.engine.ValidatorFactoryConfigurationHelper:HV000234: Using org.hibernate.validator.internal.engine.scripting.DefaultScriptEvaluatorFactory as ValidatorFactory-scoped script evaluator factory.
2022-03-19 20:48:34,694 INFO  [restartedMain] org.springframework.context.support.PostProcessorRegistrationDelegate$BeanPostProcessorChecker:Bean 'org.springframework.ws.config.annotation.DelegatingWsConfiguration' of type [org.springframework.ws.config.annotation.DelegatingWsConfiguration$$EnhancerBySpringCGLIB$$482074fa] is not eligible for getting processed by all BeanPostProcessors (for example: not eligible for auto-proxying)
2022-03-19 20:48:34,813 INFO  [restartedMain] org.springframework.ws.soap.addressing.server.AnnotationActionEndpointMapping:Supporting [WS-Addressing August 2004, WS-Addressing 1.0]
2022-03-19 20:48:35,640 INFO  [restartedMain] org.springframework.boot.web.embedded.tomcat.TomcatWebServer:Tomcat initialized with port(s): 8098 (http)
2022-03-19 20:48:35,672 INFO  [restartedMain] org.apache.catalina.core.StandardService:Starting service [Tomcat]
2022-03-19 20:48:35,674 INFO  [restartedMain] org.apache.catalina.core.StandardEngine:Starting Servlet engine: [Apache Tomcat/9.0.58]
2022-03-19 20:48:35,902 INFO  [restartedMain] org.apache.catalina.core.ContainerBase.[Tomcat].[localhost].[/library/api]:Initializing Spring embedded WebApplicationContext
2022-03-19 20:48:35,904 INFO  [restartedMain] org.springframework.boot.web.servlet.context.ServletWebServerApplicationContext:Root WebApplicationContext: initialization completed in 3651 ms
2022-03-19 20:48:36,088 DEBUG [restartedMain] org.hibernate.validator.messageinterpolation.ResourceBundleMessageInterpolator:Loaded expression factory via original TCCL
2022-03-19 20:48:36,095 DEBUG [restartedMain] org.hibernate.validator.internal.engine.AbstractConfigurationImpl:Setting custom MessageInterpolator of type org.springframework.validation.beanvalidation.LocaleContextMessageInterpolator
2022-03-19 20:48:36,096 DEBUG [restartedMain] org.hibernate.validator.internal.engine.AbstractConfigurationImpl:Setting custom ConstraintValidatorFactory of type org.springframework.validation.beanvalidation.SpringConstraintValidatorFactory
2022-03-19 20:48:36,098 DEBUG [restartedMain] org.hibernate.validator.internal.engine.AbstractConfigurationImpl:Setting custom ParameterNameProvider of type org.springframework.validation.beanvalidation.LocalValidatorFactoryBean$1
2022-03-19 20:48:36,100 DEBUG [restartedMain] org.hibernate.validator.internal.xml.config.ValidationXmlParser:Trying to load META-INF/validation.xml for XML based Validator configuration.
2022-03-19 20:48:36,101 DEBUG [restartedMain] org.hibernate.validator.internal.xml.config.ResourceLoaderHelper:Trying to load META-INF/validation.xml via user class loader
2022-03-19 20:48:36,102 DEBUG [restartedMain] org.hibernate.validator.internal.xml.config.ResourceLoaderHelper:Trying to load META-INF/validation.xml via TCCL
2022-03-19 20:48:36,103 DEBUG [restartedMain] org.hibernate.validator.internal.xml.config.ResourceLoaderHelper:Trying to load META-INF/validation.xml via Hibernate Validator's class loader
2022-03-19 20:48:36,103 DEBUG [restartedMain] org.hibernate.validator.internal.xml.config.ValidationXmlParser:No META-INF/validation.xml found. Using annotation based configuration only.
2022-03-19 20:48:36,105 DEBUG [restartedMain] org.hibernate.validator.internal.engine.resolver.TraversableResolvers:Cannot find javax.persistence.Persistence on classpath. Assuming non JPA 2 environment. All properties will per default be traversable.
2022-03-19 20:48:36,110 DEBUG [restartedMain] org.hibernate.validator.internal.engine.ValidatorFactoryConfigurationHelper:HV000252: Using org.hibernate.validator.internal.engine.DefaultPropertyNodeNameProvider as property node name provider.
2022-03-19 20:48:36,112 DEBUG [restartedMain] org.hibernate.validator.internal.engine.ValidatorFactoryConfigurationHelper:HV000234: Using org.springframework.validation.beanvalidation.LocaleContextMessageInterpolator as ValidatorFactory-scoped message interpolator.
2022-03-19 20:48:36,112 DEBUG [restartedMain] org.hibernate.validator.internal.engine.ValidatorFactoryConfigurationHelper:HV000234: Using org.hibernate.validator.internal.engine.resolver.TraverseAllTraversableResolver as ValidatorFactory-scoped traversable resolver.
2022-03-19 20:48:36,113 DEBUG [restartedMain] org.hibernate.validator.internal.engine.ValidatorFactoryConfigurationHelper:HV000234: Using org.hibernate.validator.internal.util.ExecutableParameterNameProvider as ValidatorFactory-scoped parameter name provider.
2022-03-19 20:48:36,116 DEBUG [restartedMain] org.hibernate.validator.internal.engine.ValidatorFactoryConfigurationHelper:HV000234: Using org.hibernate.validator.internal.engine.DefaultClockProvider as ValidatorFactory-scoped clock provider.
2022-03-19 20:48:36,117 DEBUG [restartedMain] org.hibernate.validator.internal.engine.ValidatorFactoryConfigurationHelper:HV000234: Using org.hibernate.validator.internal.engine.scripting.DefaultScriptEvaluatorFactory as ValidatorFactory-scoped script evaluator factory.
2022-03-19 20:48:36,514 DEBUG [restartedMain] org.springframework.web.servlet.mvc.method.annotation.RequestMappingHandlerAdapter:ControllerAdvice beans: 0 @ModelAttribute, 0 @InitBinder, 1 RequestBodyAdvice, 1 ResponseBodyAdvice
2022-03-19 20:48:36,685 DEBUG [restartedMain] org.springframework.web.servlet.mvc.method.annotation.RequestMappingHandlerMapping:2 mappings in 'requestMappingHandlerMapping'
2022-03-19 20:48:36,755 DEBUG [restartedMain] org.springframework.web.servlet.handler.SimpleUrlHandlerMapping:Patterns [/webjars/**, /**] in 'resourceHandlerMapping'
2022-03-19 20:48:36,777 DEBUG [restartedMain] org.springframework.web.servlet.mvc.method.annotation.ExceptionHandlerExceptionResolver:ControllerAdvice beans: 0 @ExceptionHandler, 1 ResponseBodyAdvice
2022-03-19 20:48:36,940 INFO  [restartedMain] org.springframework.boot.autoconfigure.security.servlet.UserDetailsServiceAutoConfiguration:

Using generated security password: 971e6449-3376-44e4-91ce-36dc2a5a5f8c

2022-03-19 20:48:37,255 INFO  [restartedMain] org.springframework.security.web.DefaultSecurityFilterChain:Will not secure any request
2022-03-19 20:48:37,440 INFO  [restartedMain] org.springframework.boot.devtools.autoconfigure.OptionalLiveReloadServer:LiveReload server is running on port 35729
2022-03-19 20:48:37,626 INFO  [restartedMain] org.springframework.boot.web.embedded.tomcat.TomcatWebServer:Tomcat started on port(s): 8098 (http) with context path '/library/api'
2022-03-19 20:48:37,648 INFO  [restartedMain] com.example.demo.LibraryManagementSystemApplication:Started LibraryManagementSystemApplication in 7.42 seconds (JVM running for 9.574)
2022-03-19 20:49:43,159 INFO  [RMI TCP Connection(3)-127.0.0.1] org.springframework.boot.admin.SpringApplicationAdminMXBeanRegistrar$SpringApplicationAdmin:Application shutdown requested.
